 ------------
 Slater I=           1
 spinOrbs            1           2
 spaceOrbs           1           1
 ------------
 Slater I=           2
 spinOrbs            3           4
 spaceOrbs           2           2
 ------------
 Slater I=           3
 spinOrbs            3           6
 spaceOrbs           2           3
 ------------
 Slater I=           4
 spinOrbs            5           4
 spaceOrbs           3           2
 ------------
 Slater I=           5
 spinOrbs            5           6
 spaceOrbs           3           3
 ------------
 Te is: 
  0.306037217       0.00000000       0.00000000    
   0.00000000      0.966992617       0.00000000    
   0.00000000       0.00000000       2.53663683    
 numDiffering 2, I=           1 Ip=           2
 <           1           2   | |           3           4 >
 (           1           2    |            1           2 ) =    9.82116014E-02
 numDiffering 2, I=           1 Ip=           3
 <           1           2   | |           3           6 >
 (           1           2    |            1           3 ) =    2.21918002E-02
 numDiffering 2, I=           1 Ip=           4
 <           1           2   | |           5           4 >
 (           1           3    |            1           2 ) =    2.21918002E-02
 numDiffering 2, I=           1 Ip=           5
 <           1           2   | |           5           6 >
 (           1           3    |            1           3 ) =    4.64751013E-02
 numDiffering 1, I=           2 Ip=           3
 <           3           4   | |           6           3 >
 (           2           3    |            2           2 ) =   0.104079001    
 numDiffering 1, I=           2 Ip=           4
 <           4           3   | |           5           4 >
 (           2           3    |            2           2 ) =   0.104079001    
 numDiffering 2, I=           2 Ip=           5
 <           3           4   | |           5           6 >
 (           2           3    |            2           3 ) =   0.117055997    
 numDiffering 2, I=           3 Ip=           4
 <           3           6   | |           5           4 >
 (           2           3    |            3           2 ) =   0.117055997    
 numDiffering 1, I=           3 Ip=           5
 <           6           3   | |           5           6 >
 (           2           3    |            3           3 ) =   0.125764996    
 numDiffering 1, I=           4 Ip=           5
 <           5           4   | |           6           5 >
 (           2           3    |            3           3 ) =   0.125764996    
 tmpMat1
   0.00000000       9.82116014E-02   2.21918002E-02   2.21918002E-02   4.64751013E-02
   0.00000000       0.00000000      0.104079001      0.104079001      0.117055997    
   0.00000000       0.00000000       0.00000000      0.117055997      0.125764996    
   0.00000000       0.00000000       0.00000000       0.00000000      0.125764996    
   0.00000000       0.00000000       0.00000000       0.00000000       0.00000000    
 tmpMat2
   0.00000000       0.00000000       0.00000000       0.00000000       0.00000000    
   0.00000000       0.00000000       0.00000000       0.00000000       0.00000000    
   0.00000000       0.00000000       0.00000000       0.00000000       0.00000000    
   0.00000000       0.00000000       0.00000000       0.00000000       0.00000000    
   0.00000000       0.00000000       0.00000000       0.00000000       0.00000000    
 MVee
  0.436675996       9.82116014E-02   2.21918002E-02   2.21918002E-02   4.64751013E-02
   0.00000000      0.475497991      0.104079001      0.104079001      0.117055997    
   0.00000000       0.00000000      0.498870999      0.117055997      0.125764996    
   0.00000000       0.00000000       0.00000000      0.498870999      0.125764996    
   0.00000000       0.00000000       0.00000000       0.00000000      0.554691017    
